<?xml version="1.0" encoding="UTF-8"?>
<!-- Generated by org.testng.reporters.JUnitXMLReporter -->
<testsuite ignored="0" hostname="HASEEF" failures="0" tests="4" name="Default test" time="27.703" errors="0" timestamp="2021-10-20T12:02:23 IST">
  <testcase classname="com.nurseryadministrator.testscript.LogIn" name="invalidEmail" time="4.903"/>
  <testcase classname="com.nurseryadministrator.testscript.LogIn" name="invalidCredentials" time="5.601"/>
  <testcase classname="com.nurseryadministrator.testscript.LogIn" name="noCredentials" time="4.115"/>
  <testcase classname="com.nurseryadministrator.testscript.LogIn" name="validCredentials" time="11.759"/>
</testsuite> <!-- Default test -->
