<?xml version="1.0" encoding="UTF-8"?>
<!-- Generated by org.testng.reporters.JUnitXMLReporter -->
<testsuite ignored="2" hostname="HASEEF" failures="0" tests="2" name="1week Access" time="27.39" errors="0" timestamp="2021-09-14T16:56:55 IST">
  <testcase classname="com.nurseryadministrator.testscript.GrantTemporaryAdminAccess" name="grantAdminaccessfor1Week" time="6.104"/>
  <testcase classname="com.nurseryadministrator.testscript.GrantTemporaryAdminAccess" name="revokeAdminaccess" time="4.831"/>
  <testcase classname="com.nurseryadministrator.testscript.GrantTemporaryAdminAccess" name="grantAdminaccessfor3day" time="0.0">
    <ignored/>
  </testcase> <!-- grantAdminaccessfor3day -->
  <testcase classname="com.nurseryadministrator.testscript.GrantTemporaryAdminAccess" name="grantAdminaccessfor1day" time="0.0">
    <ignored/>
  </testcase> <!-- grantAdminaccessfor1day -->
</testsuite> <!-- 1week Access -->
