<?xml version="1.0" encoding="UTF-8"?>
<!-- Generated by org.testng.reporters.JUnitXMLReporter -->
<testsuite ignored="0" hostname="HASEEF" failures="0" tests="3" name="Add Student" time="55.55" errors="0" timestamp="2021-09-14T16:43:12 IST">
  <testcase classname="com.nurseryadministrator.testscript.AddStudent" name="verifyMandatoryMsgVisible" time="2.304"/>
  <testcase classname="com.nurseryadministrator.testscript.AddStudent" name="addStudent" time="29.037"/>
  <testcase classname="com.nurseryadministrator.testscript.AddStudent" name="viewStudentDetails" time="8.478"/>
</testsuite> <!-- Add Student -->
