<?xml version="1.0" encoding="UTF-8"?>
<!-- Generated by org.testng.reporters.JUnitXMLReporter -->
<testsuite ignored="5" hostname="HASEEF" failures="0" tests="1" name="Add Group - delete students and employees" time="49.998" errors="0" timestamp="2021-09-14T16:52:52 IST">
  <testcase classname="com.nurseryadministrator.testscript.AddGroup" name="deleteStudentsAndEmployees" time="21.879"/>
  <testcase classname="com.nurseryadministrator.testscript.AddGroup" name="addToddlersGroup" time="0.0">
    <ignored/>
  </testcase> <!-- addToddlersGroup -->
  <testcase classname="com.nurseryadministrator.testscript.AddGroup" name="verifyMandatoryMsgVisible" time="0.0">
    <ignored/>
  </testcase> <!-- verifyMandatoryMsgVisible -->
  <testcase classname="com.nurseryadministrator.testscript.AddGroup" name="addPreKGGroup" time="0.0">
    <ignored/>
  </testcase> <!-- addPreKGGroup -->
  <testcase classname="com.nurseryadministrator.testscript.AddGroup" name="addBabiesGroup" time="0.0">
    <ignored/>
  </testcase> <!-- addBabiesGroup -->
  <testcase classname="com.nurseryadministrator.testscript.AddGroup" name="assignStudentsAndEmployees" time="0.0">
    <ignored/>
  </testcase> <!-- assignStudentsAndEmployees -->
</testsuite> <!-- Add Group - delete students and employees -->
