<?xml version="1.0" encoding="UTF-8"?>
<!-- Generated by org.testng.reporters.JUnitXMLReporter -->
<testsuite ignored="5" hostname="HASEEF" failures="0" tests="1" name="Add Group - add employees and students" time="53.078" errors="0" timestamp="2021-09-14T16:42:17 IST">
  <testcase classname="com.nurseryadministrator.testscript.AddGroup" name="assignStudentsAndEmployees" time="26.435"/>
  <testcase classname="com.nurseryadministrator.testscript.AddGroup" name="addToddlersGroup" time="0.0">
    <ignored/>
  </testcase> <!-- addToddlersGroup -->
  <testcase classname="com.nurseryadministrator.testscript.AddGroup" name="verifyMandatoryMsgVisible" time="0.0">
    <ignored/>
  </testcase> <!-- verifyMandatoryMsgVisible -->
  <testcase classname="com.nurseryadministrator.testscript.AddGroup" name="deleteStudentsAndEmployees" time="0.0">
    <ignored/>
  </testcase> <!-- deleteStudentsAndEmployees -->
  <testcase classname="com.nurseryadministrator.testscript.AddGroup" name="addPreKGGroup" time="0.0">
    <ignored/>
  </testcase> <!-- addPreKGGroup -->
  <testcase classname="com.nurseryadministrator.testscript.AddGroup" name="addBabiesGroup" time="0.0">
    <ignored/>
  </testcase> <!-- addBabiesGroup -->
</testsuite> <!-- Add Group - add employees and students -->
