<?xml version="1.0" encoding="UTF-8"?>
<!-- Generated by org.testng.reporters.JUnitXMLReporter -->
<testsuite ignored="2" hostname="HASEEF" failures="0" tests="4" name="Add Group" time="38.51" errors="0" timestamp="2021-09-14T16:39:59 IST">
  <testcase classname="com.nurseryadministrator.testscript.AddGroup" name="verifyMandatoryMsgVisible" time="1.866"/>
  <testcase classname="com.nurseryadministrator.testscript.AddGroup" name="addBabiesGroup" time="6.892"/>
  <testcase classname="com.nurseryadministrator.testscript.AddGroup" name="addToddlersGroup" time="7.244"/>
  <testcase classname="com.nurseryadministrator.testscript.AddGroup" name="addPreKGGroup" time="6.456"/>
  <testcase classname="com.nurseryadministrator.testscript.AddGroup" name="deleteStudentsAndEmployees" time="0.0">
    <ignored/>
  </testcase> <!-- deleteStudentsAndEmployees -->
  <testcase classname="com.nurseryadministrator.testscript.AddGroup" name="assignStudentsAndEmployees" time="0.0">
    <ignored/>
  </testcase> <!-- assignStudentsAndEmployees -->
</testsuite> <!-- Add Group -->
