<?xml version="1.0" encoding="UTF-8"?>
<!-- Generated by org.testng.reporters.JUnitXMLReporter -->
<testsuite ignored="0" hostname="HASEEF" failures="0" tests="8" name="Add Employee" time="51.075" errors="0" timestamp="2021-09-14T16:45:35 IST">
  <testcase classname="com.nurseryadministrator.testscript.AddEmployee" name="verifyMandatoryMsgVisibile" time="2.541"/>
  <testcase classname="com.nurseryadministrator.testscript.AddEmployee" name="addEmployeeAsTeacher" time="3.857"/>
  <testcase classname="com.nurseryadministrator.testscript.AddEmployee" name="addEmployeeAsAssistant" time="2.423"/>
  <testcase classname="com.nurseryadministrator.testscript.AddEmployee" name="addEmployeeAsNurse" time="3.437"/>
  <testcase classname="com.nurseryadministrator.testscript.AddEmployee" name="addEmployeeAsTeacherAndAssistant" time="3.062"/>
  <testcase classname="com.nurseryadministrator.testscript.AddEmployee" name="addEmployeeAsTeacherAndNurse" time="3.779"/>
  <testcase classname="com.nurseryadministrator.testscript.AddEmployee" name="addEmployeeAsAssistantAndNurse" time="2.729"/>
  <testcase classname="com.nurseryadministrator.testscript.AddEmployee" name="addEmployeeWithAllRoles" time="4.741"/>
</testsuite> <!-- Add Employee -->
