<?xml version="1.0" encoding="UTF-8"?>
<!-- Generated by org.testng.reporters.JUnitXMLReporter -->
<testsuite ignored="0" hostname="HASEEF" failures="0" tests="7" name="Create Payment Request" time="103.537" errors="0" timestamp="2021-09-14T16:52:02 IST">
  <testcase classname="com.nurseryadministrator.testscript.RequestPayment" name="verifyMandatoryMsgVisibile" time="2.954"/>
  <testcase classname="com.nurseryadministrator.testscript.RequestPayment" name="createPaymentRequest" time="21.025"/>
  <testcase classname="com.nurseryadministrator.testscript.RequestPayment" name="viewPaymentDetails" time="19.388"/>
  <testcase classname="com.nurseryadministrator.testscript.RequestPayment" name="acceptPayment" time="9.952"/>
  <testcase classname="com.nurseryadministrator.testscript.RequestPayment" name="refundPayment" time="9.553"/>
  <testcase classname="com.nurseryadministrator.testscript.RequestPayment" name="cancelPayment" time="8.52"/>
  <testcase classname="com.nurseryadministrator.testscript.RequestPayment" name="verifyPaymentActions" time="9.606"/>
</testsuite> <!-- Create Payment Request -->
