<?xml version="1.0" encoding="UTF-8"?>
<!-- Generated by org.testng.reporters.JUnitXMLReporter -->
<testsuite ignored="0" hostname="HASEEF" failures="0" tests="3" name="Create Admin" time="34.27" errors="0" timestamp="2021-09-14T16:53:27 IST">
  <testcase classname="com.nurseryadministrator.testscript.AddNurseryAdmin" name="verifyMandatoryMsgVisible" time="2.727"/>
  <testcase classname="com.nurseryadministrator.testscript.AddNurseryAdmin" name="addNurseryAdmin" time="9.18"/>
  <testcase classname="com.nurseryadministrator.testscript.AddNurseryAdmin" name="viewAdminDetails" time="6.223"/>
</testsuite> <!-- Create Admin -->
