<?xml version="1.0" encoding="UTF-8"?>
<!-- Generated by org.testng.reporters.JUnitXMLReporter -->
<testsuite ignored="0" hostname="HASEEF" failures="0" tests="8" name="Group List" time="84.371" errors="0" timestamp="2021-09-14T16:41:23 IST">
  <testcase classname="com.nurseryadministrator.testscript.GroupList" name="listAndViewGroupDetails" time="6.3"/>
  <testcase classname="com.nurseryadministrator.testscript.GroupList" name="deactivateGroup" time="8.327"/>
  <testcase classname="com.nurseryadministrator.testscript.GroupList" name="activateGroup" time="7.919"/>
  <testcase classname="com.nurseryadministrator.testscript.GroupList" name="editAndViewGroupDetails" time="11.139"/>
  <testcase classname="com.nurseryadministrator.testscript.GroupList" name="verifySortGrpName" time="9.725"/>
  <testcase classname="com.nurseryadministrator.testscript.GroupList" name="verifySortForGroupType" time="8.276"/>
  <testcase classname="com.nurseryadministrator.testscript.GroupList" name="verifySortForStatus" time="8.021"/>
  <testcase classname="com.nurseryadministrator.testscript.GroupList" name="verifySortForTeacher" time="7.879"/>
</testsuite> <!-- Group List -->
