<?xml version="1.0" encoding="UTF-8"?>
<!-- Generated by org.testng.reporters.JUnitXMLReporter -->
<testsuite ignored="0" hostname="HASEEF" failures="0" tests="13" name="group filter" time="98.422" errors="0" timestamp="2021-09-14T16:59:13 IST">
  <testcase classname="com.nurseryadministrator.testscript.GroupListFilter" name="filterByGroupName" time="7.597"/>
  <testcase classname="com.nurseryadministrator.testscript.GroupListFilter" name="filterByGroupType" time="9.923"/>
  <testcase classname="com.nurseryadministrator.testscript.GroupListFilter" name="filterByTeacher" time="6.046"/>
  <testcase classname="com.nurseryadministrator.testscript.GroupListFilter" name="filterByNameAndTeacher" time="5.699"/>
  <testcase classname="com.nurseryadministrator.testscript.GroupListFilter" name="filterByNameAndType" time="5.536"/>
  <testcase classname="com.nurseryadministrator.testscript.GroupListFilter" name="filterByNameAndStatus" time="5.54"/>
  <testcase classname="com.nurseryadministrator.testscript.GroupListFilter" name="filterByTeacherAndType" time="5.98"/>
  <testcase classname="com.nurseryadministrator.testscript.GroupListFilter" name="filterByTypeAndStatus" time="5.292"/>
  <testcase classname="com.nurseryadministrator.testscript.GroupListFilter" name="filterByTeacherAndStatus" time="5.368"/>
  <testcase classname="com.nurseryadministrator.testscript.GroupListFilter" name="filterByNameTeacherAndType" time="5.901"/>
  <testcase classname="com.nurseryadministrator.testscript.GroupListFilter" name="filterByNameTypeAndStatus" time="5.754"/>
  <testcase classname="com.nurseryadministrator.testscript.GroupListFilter" name="filterByTeacherTypeAndStatus" time="5.472"/>
  <testcase classname="com.nurseryadministrator.testscript.GroupListFilter" name="filterGroup" time="5.764"/>
</testsuite> <!-- group filter -->
