<?xml version="1.0" encoding="UTF-8"?>
<!-- Generated by org.testng.reporters.JUnitXMLReporter -->
<testsuite ignored="0" hostname="HASEEF" failures="0" tests="10" name="List Assistant Details" time="99.673" errors="0" timestamp="2021-09-14T16:50:18 IST">
  <testcase classname="com.nurseryadministrator.testscript.AssistantList" name="viewAssistantDetails" time="6.052"/>
  <testcase classname="com.nurseryadministrator.testscript.AssistantList" name="deactivateAssistant" time="7.989"/>
  <testcase classname="com.nurseryadministrator.testscript.AssistantList" name="activateAssistant" time="8.239"/>
  <testcase classname="com.nurseryadministrator.testscript.AssistantList" name="filterByName" time="5.871"/>
  <testcase classname="com.nurseryadministrator.testscript.AssistantList" name="editAndViewAssistantDetails" time="12.518"/>
  <testcase classname="com.nurseryadministrator.testscript.AssistantList" name="filterByGroupName" time="4.712"/>
  <testcase classname="com.nurseryadministrator.testscript.AssistantList" name="filterByNameAndGroupName" time="4.737"/>
  <testcase classname="com.nurseryadministrator.testscript.AssistantList" name="verifySorForName" time="7.92"/>
  <testcase classname="com.nurseryadministrator.testscript.AssistantList" name="verifySorForPhone" time="8.458"/>
  <testcase classname="com.nurseryadministrator.testscript.AssistantList" name="verifySorForStatus" time="8.177"/>
</testsuite> <!-- List Assistant Details -->
