<?xml version="1.0" encoding="UTF-8"?>
<!-- Generated by org.testng.reporters.JUnitXMLReporter -->
<testsuite ignored="0" hostname="HASEEF" failures="0" tests="8" name="List Nurse Details" time="90.194" errors="0" timestamp="2021-09-14T16:48:39 IST">
  <testcase classname="com.nurseryadministrator.testscript.NurseList" name="viewNurseDetails" time="6.288"/>
  <testcase classname="com.nurseryadministrator.testscript.NurseList" name="deactivateNurse" time="7.76"/>
  <testcase classname="com.nurseryadministrator.testscript.NurseList" name="activateNurse" time="7.86"/>
  <testcase classname="com.nurseryadministrator.testscript.NurseList" name="filterByName" time="5.97"/>
  <testcase classname="com.nurseryadministrator.testscript.NurseList" name="editAndViewNurseDetails" time="13.775"/>
  <testcase classname="com.nurseryadministrator.testscript.NurseList" name="verifySorForName" time="8.863"/>
  <testcase classname="com.nurseryadministrator.testscript.NurseList" name="verifySorForPhone" time="8.302"/>
  <testcase classname="com.nurseryadministrator.testscript.NurseList" name="verifySorForStatus" time="8.367"/>
</testsuite> <!-- List Nurse Details -->
