<?xml version="1.0" encoding="UTF-8"?>
<!-- Generated by org.testng.reporters.JUnitXMLReporter -->
<testsuite ignored="0" hostname="HASEEF" failures="0" tests="10" name="List Teacher Details" time="93.08" errors="0" timestamp="2021-09-14T16:47:08 IST">
  <testcase classname="com.nurseryadministrator.testscript.TeacherList" name="viewTeacherDetails" time="5.722"/>
  <testcase classname="com.nurseryadministrator.testscript.TeacherList" name="deactivateTeacher" time="7.47"/>
  <testcase classname="com.nurseryadministrator.testscript.TeacherList" name="activateTeacher" time="8.697"/>
  <testcase classname="com.nurseryadministrator.testscript.TeacherList" name="filterByName" time="6.31"/>
  <testcase classname="com.nurseryadministrator.testscript.TeacherList" name="editAndViewTeacherDetails" time="13.634"/>
  <testcase classname="com.nurseryadministrator.testscript.TeacherList" name="filterByGroupName" time="5.428"/>
  <testcase classname="com.nurseryadministrator.testscript.TeacherList" name="filterByNameAndGroupName" time="3.651"/>
  <testcase classname="com.nurseryadministrator.testscript.TeacherList" name="verifySorForName" time="8.14"/>
  <testcase classname="com.nurseryadministrator.testscript.TeacherList" name="verifySorForPhone" time="8.286"/>
  <testcase classname="com.nurseryadministrator.testscript.TeacherList" name="verifySorForStatus" time="8.42"/>
</testsuite> <!-- List Teacher Details -->
