<?xml version="1.0" encoding="UTF-8"?>
<!-- Generated by org.testng.reporters.JUnitXMLReporter -->
<testsuite ignored="0" hostname="HASEEF" failures="0" tests="14" name="List Admin" time="118.315" errors="0" timestamp="2021-09-14T16:55:25 IST">
  <testcase classname="com.nurseryadministrator.testscript.AdminList" name="deactivateAdmin" time="7.838"/>
  <testcase classname="com.nurseryadministrator.testscript.AdminList" name="activateAdmin" time="7.295"/>
  <testcase classname="com.nurseryadministrator.testscript.AdminList" name="filterByName" time="7.323"/>
  <testcase classname="com.nurseryadministrator.testscript.AdminList" name="editNurseryAdmin" time="11.733"/>
  <testcase classname="com.nurseryadministrator.testscript.AdminList" name="filterByStatus" time="7.65"/>
  <testcase classname="com.nurseryadministrator.testscript.AdminList" name="filterByEmail" time="4.671"/>
  <testcase classname="com.nurseryadministrator.testscript.AdminList" name="filterByNameAndStatus" time="5.436"/>
  <testcase classname="com.nurseryadministrator.testscript.AdminList" name="filterByEmailAndStatus" time="4.923"/>
  <testcase classname="com.nurseryadministrator.testscript.AdminList" name="filterByNameAndEmail" time="5.402"/>
  <testcase classname="com.nurseryadministrator.testscript.AdminList" name="filterByNameEmailAndStatus" time="5.338"/>
  <testcase classname="com.nurseryadministrator.testscript.AdminList" name="verifySortForName" time="8.213"/>
  <testcase classname="com.nurseryadministrator.testscript.AdminList" name="verifySortForPhone" time="8.357"/>
  <testcase classname="com.nurseryadministrator.testscript.AdminList" name="verifySortForEmail" time="7.697"/>
  <testcase classname="com.nurseryadministrator.testscript.AdminList" name="verifySortForStatus" time="8.521"/>
</testsuite> <!-- List Admin -->
