<?xml version="1.0" encoding="UTF-8"?>
<!-- Generated by org.testng.reporters.JUnitXMLReporter -->
<testsuite ignored="0" hostname="HASEEF" failures="0" tests="4" name="Login" time="30.612" errors="0" timestamp="2021-09-14T16:39:05 IST">
  <testcase classname="com.nurseryadministrator.testscript.LogIn" name="invalidEmail" time="4.852"/>
  <testcase classname="com.nurseryadministrator.testscript.LogIn" name="invalidCredentials" time="6.267"/>
  <testcase classname="com.nurseryadministrator.testscript.LogIn" name="noCredentials" time="4.143"/>
  <testcase classname="com.nurseryadministrator.testscript.LogIn" name="validCredentials" time="13.451"/>
</testsuite> <!-- Login -->
