<?xml version="1.0" encoding="UTF-8"?>
<!-- Generated by org.testng.reporters.JUnitXMLReporter -->
<testsuite ignored="0" hostname="HASEEF" failures="0" tests="3" name="online revenue report" time="182.627" errors="0" timestamp="2021-09-14T16:58:43 IST">
  <testcase classname="com.nurseryadministrator.testscript.NurseryOnlineRevenueReport" name="filterByDateTo" time="24.358"/>
  <testcase classname="com.nurseryadministrator.testscript.NurseryOnlineRevenueReport" name="filterByDateFrom" time="24.266"/>
  <testcase classname="com.nurseryadministrator.testscript.NurseryOnlineRevenueReport" name="filterByFromDateToDate" time="24.34"/>
</testsuite> <!-- online revenue report -->
