<?xml version="1.0" encoding="UTF-8"?>
<!-- Generated by org.testng.reporters.JUnitXMLReporter -->
<testsuite ignored="0" hostname="HASEEF" failures="0" tests="35" name="payment filter" time="316.226" errors="0" timestamp="2021-09-14T17:06:43 IST">
  <testcase classname="com.nurseryadministrator.testscript.PaymentRequestList" name="filterByStatus" time="6.277"/>
  <testcase classname="com.nurseryadministrator.testscript.PaymentRequestList" name="filterByPaymentName" time="4.112"/>
  <testcase classname="com.nurseryadministrator.testscript.PaymentRequestList" name="filterByStudentName" time="3.545"/>
  <testcase classname="com.nurseryadministrator.testscript.PaymentRequestList" name="filterBySameDate" time="5.576"/>
  <testcase classname="com.nurseryadministrator.testscript.PaymentRequestList" name="filterByDueDateFrom" time="24.116"/>
  <testcase classname="com.nurseryadministrator.testscript.PaymentRequestList" name="filterByDueDateTo" time="9.381"/>
  <testcase classname="com.nurseryadministrator.testscript.PaymentRequestList" name="filterByDueDateFromAndDueDateTo" time="9.357"/>
  <testcase classname="com.nurseryadministrator.testscript.PaymentRequestList" name="filterByGroupName" time="17.617"/>
  <testcase classname="com.nurseryadministrator.testscript.PaymentRequestList" name="filterByPaymentNameAndStudentName" time="3.653"/>
  <testcase classname="com.nurseryadministrator.testscript.PaymentRequestList" name="filterByPaymentNameAndGroup" time="7.378"/>
  <testcase classname="com.nurseryadministrator.testscript.PaymentRequestList" name="filterByPaymentNameAndStatus" time="3.363"/>
  <testcase classname="com.nurseryadministrator.testscript.PaymentRequestList" name="filterByPaymentNameAndFromDate" time="4.483"/>
  <testcase classname="com.nurseryadministrator.testscript.PaymentRequestList" name="filterByPaymentNameAndToDate" time="4.071"/>
  <testcase classname="com.nurseryadministrator.testscript.PaymentRequestList" name="filterByPymentNameDueDateFromAndDueDateTo" time="5.07"/>
  <testcase classname="com.nurseryadministrator.testscript.PaymentRequestList" name="filterByGroupAndStatus" time="5.507"/>
  <testcase classname="com.nurseryadministrator.testscript.PaymentRequestList" name="filterByDueDateAndGroup" time="19.238"/>
  <testcase classname="com.nurseryadministrator.testscript.PaymentRequestList" name="filterByStudentAndStatus" time="4.454"/>
  <testcase classname="com.nurseryadministrator.testscript.PaymentRequestList" name="filterByStudentAndDate" time="5.243"/>
  <testcase classname="com.nurseryadministrator.testscript.PaymentRequestList" name="filterByStatusAndDate" time="4.534"/>
  <testcase classname="com.nurseryadministrator.testscript.PaymentRequestList" name="filterByPaymentNameGroupAndStudent" time="8.831"/>
  <testcase classname="com.nurseryadministrator.testscript.PaymentRequestList" name="filterByPaymentNameGroupAndStatus" time="5.831"/>
  <testcase classname="com.nurseryadministrator.testscript.PaymentRequestList" name="filterByPymentNameDueDateAndGroup" time="9.504"/>
  <testcase classname="com.nurseryadministrator.testscript.PaymentRequestList" name="filterByPaymentNameStudentAndStatus" time="4.281"/>
  <testcase classname="com.nurseryadministrator.testscript.PaymentRequestList" name="filterByPaymentNameStudentAndDate" time="5.627"/>
  <testcase classname="com.nurseryadministrator.testscript.PaymentRequestList" name="filterByStudentGroupAndStatus" time="5.547"/>
  <testcase classname="com.nurseryadministrator.testscript.PaymentRequestList" name="filterByStudentGroupAndDate" time="12.64"/>
  <testcase classname="com.nurseryadministrator.testscript.PaymentRequestList" name="filterByGroupStatusAndDate" time="5.857"/>
  <testcase classname="com.nurseryadministrator.testscript.PaymentRequestList" name="filterByPaymentNameStudentGroupAndStatus" time="5.779"/>
  <testcase classname="com.nurseryadministrator.testscript.PaymentRequestList" name="filterByPaymentNameStudentGroupAndDate" time="8.662"/>
  <testcase classname="com.nurseryadministrator.testscript.PaymentRequestList" name="filterByStudentGroupStatusAndDate" time="6.456"/>
  <testcase classname="com.nurseryadministrator.testscript.PaymentRequestList" name="filterByPaymentNameStudentGroupStatusAndDate" time="6.676"/>
  <testcase classname="com.nurseryadministrator.testscript.PaymentRequestList" name="verifySortTitle" time="9.6"/>
  <testcase classname="com.nurseryadministrator.testscript.PaymentRequestList" name="verifySortStudentName" time="7.969"/>
  <testcase classname="com.nurseryadministrator.testscript.PaymentRequestList" name="verifySortDueDate" time="7.918"/>
  <testcase classname="com.nurseryadministrator.testscript.PaymentRequestList" name="verifySortStatus" time="8.003"/>
</testsuite> <!-- payment filter -->
