<?xml version="1.0" encoding="UTF-8"?>
<!-- Generated by org.testng.reporters.JUnitXMLReporter -->
<testsuite ignored="0" hostname="HASEEF" failures="16" tests="35" name="Payment Request List" time="245.444" errors="0" timestamp="2021-07-27T12:29:05 IST">
  <testcase classname="com.nurseryadministrator.testscript.PaymentRequestList" name="filterByStatus" time="3.622">
    <failure type="java.lang.AssertionError" message="lists don&amp;apos;t have the same size expected [4] but found [0]">
      <![CDATA[java.lang.AssertionError: lists don't have the same size expected [4] but found [0]
at com.nurseryadministrator.testscript.PaymentRequestList.filterByStatus(PaymentRequestList.java:120)
at java.base/java.util.ArrayList.forEach(ArrayList.java:1541)
... Removed 33 stack frames]]>
    </failure>
  </testcase> <!-- filterByStatus -->
  <testcase classname="com.nurseryadministrator.testscript.PaymentRequestList" name="filterByPaymentName" time="0.088"/>
  <testcase classname="com.nurseryadministrator.testscript.PaymentRequestList" name="filterByStudentName" time="2.383">
    <failure type="java.lang.AssertionError" message="lists don&amp;apos;t have the same size expected [50] but found [0]">
      <![CDATA[java.lang.AssertionError: lists don't have the same size expected [50] but found [0]
at com.nurseryadministrator.testscript.PaymentRequestList.filterByStudentName(PaymentRequestList.java:250)
at java.base/java.util.ArrayList.forEach(ArrayList.java:1541)
... Removed 33 stack frames]]>
    </failure>
  </testcase> <!-- filterByStudentName -->
  <testcase classname="com.nurseryadministrator.testscript.PaymentRequestList" name="filterBySameDate" time="0.092"/>
  <testcase classname="com.nurseryadministrator.testscript.PaymentRequestList" name="filterByDueDateFrom" time="8.521">
    <failure type="java.lang.AssertionError" message="Lists differ at element [0]: true != false expected [true] but found [false]">
      <![CDATA[java.lang.AssertionError: Lists differ at element [0]: true != false expected [true] but found [false]
at com.nurseryadministrator.testscript.PaymentRequestList.filterByDueDateFrom(PaymentRequestList.java:384)
at java.base/java.util.ArrayList.forEach(ArrayList.java:1541)
... Removed 31 stack frames]]>
    </failure>
  </testcase> <!-- filterByDueDateFrom -->
  <testcase classname="com.nurseryadministrator.testscript.PaymentRequestList" name="filterByDueDateTo" time="6.6">
    <failure type="java.lang.AssertionError" message="Lists differ at element [0]: true != false expected [true] but found [false]">
      <![CDATA[java.lang.AssertionError: Lists differ at element [0]: true != false expected [true] but found [false]
at com.nurseryadministrator.testscript.PaymentRequestList.filterByDueDateTo(PaymentRequestList.java:451)
at java.base/java.util.ArrayList.forEach(ArrayList.java:1541)
... Removed 31 stack frames]]>
    </failure>
  </testcase> <!-- filterByDueDateTo -->
  <testcase classname="com.nurseryadministrator.testscript.PaymentRequestList" name="filterByDueDateFromAndDueDateTo" time="7.082">
    <failure type="java.lang.AssertionError" message="Lists differ at element [0]: true != false expected [true] but found [false]">
      <![CDATA[java.lang.AssertionError: Lists differ at element [0]: true != false expected [true] but found [false]
at com.nurseryadministrator.testscript.PaymentRequestList.filterByDueDateFromAndDueDateTo(PaymentRequestList.java:522)
at java.base/java.util.ArrayList.forEach(ArrayList.java:1541)
... Removed 31 stack frames]]>
    </failure>
  </testcase> <!-- filterByDueDateFromAndDueDateTo -->
  <testcase classname="com.nurseryadministrator.testscript.PaymentRequestList" name="filterByGroupName" time="3.537">
    <failure type="java.lang.AssertionError" message="lists don&amp;apos;t have the same size expected [4] but found [0]">
      <![CDATA[java.lang.AssertionError: lists don't have the same size expected [4] but found [0]
at com.nurseryadministrator.testscript.PaymentRequestList.filterByGroupName(PaymentRequestList.java:597)
at java.base/java.util.ArrayList.forEach(ArrayList.java:1541)
... Removed 33 stack frames]]>
    </failure>
  </testcase> <!-- filterByGroupName -->
  <testcase classname="com.nurseryadministrator.testscript.PaymentRequestList" name="filterByPaymentNameAndStudentName" time="0.105"/>
  <testcase classname="com.nurseryadministrator.testscript.PaymentRequestList" name="filterByPaymentNameAndGroup" time="3.649">
    <failure type="java.lang.AssertionError" message="lists don&amp;apos;t have the same size expected [1] but found [0]">
      <![CDATA[java.lang.AssertionError: lists don't have the same size expected [1] but found [0]
at com.nurseryadministrator.testscript.PaymentRequestList.filterByPaymentNameAndGroup(PaymentRequestList.java:739)
at java.base/java.util.ArrayList.forEach(ArrayList.java:1541)
... Removed 33 stack frames]]>
    </failure>
  </testcase> <!-- filterByPaymentNameAndGroup -->
  <testcase classname="com.nurseryadministrator.testscript.PaymentRequestList" name="filterByPaymentNameAndStatus" time="0.104"/>
  <testcase classname="com.nurseryadministrator.testscript.PaymentRequestList" name="filterByPaymentNameAndFromDate" time="2.611">
    <failure type="java.lang.AssertionError" message="lists don&amp;apos;t have the same size expected [50] but found [0]">
      <![CDATA[java.lang.AssertionError: lists don't have the same size expected [50] but found [0]
at com.nurseryadministrator.testscript.PaymentRequestList.filterByPaymentNameAndFromDate(PaymentRequestList.java:877)
at java.base/java.util.ArrayList.forEach(ArrayList.java:1541)
... Removed 33 stack frames]]>
    </failure>
  </testcase> <!-- filterByPaymentNameAndFromDate -->
  <testcase classname="com.nurseryadministrator.testscript.PaymentRequestList" name="filterByPaymentNameAndToDate" time="0.087"/>
  <testcase classname="com.nurseryadministrator.testscript.PaymentRequestList" name="filterByPymentNameDueDateFromAndDueDateTo" time="3.945">
    <failure type="java.lang.AssertionError" message="Lists differ at element [0]: true != false expected [true] but found [false]">
      <![CDATA[java.lang.AssertionError: Lists differ at element [0]: true != false expected [true] but found [false]
at com.nurseryadministrator.testscript.PaymentRequestList.filterByPymentNameDueDateFromAndDueDateTo(PaymentRequestList.java:1022)
at java.base/java.util.ArrayList.forEach(ArrayList.java:1541)
... Removed 31 stack frames]]>
    </failure>
  </testcase> <!-- filterByPymentNameDueDateFromAndDueDateTo -->
  <testcase classname="com.nurseryadministrator.testscript.PaymentRequestList" name="filterByGroupAndStatus" time="4.313"/>
  <testcase classname="com.nurseryadministrator.testscript.PaymentRequestList" name="filterByDueDateAndGroup" time="4.084">
    <failure type="java.lang.AssertionError" message="lists don&amp;apos;t have the same size expected [4] but found [0]">
      <![CDATA[java.lang.AssertionError: lists don't have the same size expected [4] but found [0]
at com.nurseryadministrator.testscript.PaymentRequestList.filterByDueDateAndGroup(PaymentRequestList.java:1178)
at java.base/java.util.ArrayList.forEach(ArrayList.java:1541)
... Removed 33 stack frames]]>
    </failure>
  </testcase> <!-- filterByDueDateAndGroup -->
  <testcase classname="com.nurseryadministrator.testscript.PaymentRequestList" name="filterByStudentAndStatus" time="0.086"/>
  <testcase classname="com.nurseryadministrator.testscript.PaymentRequestList" name="filterByStudentAndDate" time="2.835">
    <failure type="java.lang.AssertionError" message="lists don&amp;apos;t have the same size expected [50] but found [0]">
      <![CDATA[java.lang.AssertionError: lists don't have the same size expected [50] but found [0]
at com.nurseryadministrator.testscript.PaymentRequestList.filterByStudentAndDate(PaymentRequestList.java:1322)
at java.base/java.util.ArrayList.forEach(ArrayList.java:1541)
... Removed 33 stack frames]]>
    </failure>
  </testcase> <!-- filterByStudentAndDate -->
  <testcase classname="com.nurseryadministrator.testscript.PaymentRequestList" name="filterByStatusAndDate" time="0.087"/>
  <testcase classname="com.nurseryadministrator.testscript.PaymentRequestList" name="filterByPaymentNameGroupAndStudent" time="3.716">
    <failure type="java.lang.AssertionError" message="lists don&amp;apos;t have the same size expected [1] but found [0]">
      <![CDATA[java.lang.AssertionError: lists don't have the same size expected [1] but found [0]
at com.nurseryadministrator.testscript.PaymentRequestList.filterByPaymentNameGroupAndStudent(PaymentRequestList.java:1474)
at java.base/java.util.ArrayList.forEach(ArrayList.java:1541)
... Removed 33 stack frames]]>
    </failure>
  </testcase> <!-- filterByPaymentNameGroupAndStudent -->
  <testcase classname="com.nurseryadministrator.testscript.PaymentRequestList" name="filterByPaymentNameGroupAndStatus" time="0.087"/>
  <testcase classname="com.nurseryadministrator.testscript.PaymentRequestList" name="filterByPymentNameDueDateAndGroup" time="4.225">
    <failure type="java.lang.AssertionError" message="lists don&amp;apos;t have the same size expected [4] but found [0]">
      <![CDATA[java.lang.AssertionError: lists don't have the same size expected [4] but found [0]
at com.nurseryadministrator.testscript.PaymentRequestList.filterByPymentNameDueDateAndGroup(PaymentRequestList.java:1635)
at java.base/java.util.ArrayList.forEach(ArrayList.java:1541)
... Removed 33 stack frames]]>
    </failure>
  </testcase> <!-- filterByPymentNameDueDateAndGroup -->
  <testcase classname="com.nurseryadministrator.testscript.PaymentRequestList" name="filterByPaymentNameStudentAndStatus" time="0.124"/>
  <testcase classname="com.nurseryadministrator.testscript.PaymentRequestList" name="filterByPaymentNameStudentAndDate" time="3.046">
    <failure type="java.lang.AssertionError" message="lists don&amp;apos;t have the same size expected [35] but found [0]">
      <![CDATA[java.lang.AssertionError: lists don't have the same size expected [35] but found [0]
at com.nurseryadministrator.testscript.PaymentRequestList.filterByPaymentNameStudentAndDate(PaymentRequestList.java:1784)
at java.base/java.util.ArrayList.forEach(ArrayList.java:1541)
... Removed 33 stack frames]]>
    </failure>
  </testcase> <!-- filterByPaymentNameStudentAndDate -->
  <testcase classname="com.nurseryadministrator.testscript.PaymentRequestList" name="filterByStudentGroupAndStatus" time="0.111"/>
  <testcase classname="com.nurseryadministrator.testscript.PaymentRequestList" name="filterByStudentGroupAndDate" time="4.232">
    <failure type="java.lang.AssertionError" message="lists don&amp;apos;t have the same size expected [2] but found [0]">
      <![CDATA[java.lang.AssertionError: lists don't have the same size expected [2] but found [0]
at com.nurseryadministrator.testscript.PaymentRequestList.filterByStudentGroupAndDate(PaymentRequestList.java:1944)
at java.base/java.util.ArrayList.forEach(ArrayList.java:1541)
... Removed 33 stack frames]]>
    </failure>
  </testcase> <!-- filterByStudentGroupAndDate -->
  <testcase classname="com.nurseryadministrator.testscript.PaymentRequestList" name="filterByGroupStatusAndDate" time="0.084"/>
  <testcase classname="com.nurseryadministrator.testscript.PaymentRequestList" name="filterByPaymentNameStudentGroupAndStatus" time="4.696"/>
  <testcase classname="com.nurseryadministrator.testscript.PaymentRequestList" name="filterByPaymentNameStudentGroupAndDate" time="4.363">
    <failure type="java.lang.AssertionError" message="lists don&amp;apos;t have the same size expected [1] but found [0]">
      <![CDATA[java.lang.AssertionError: lists don't have the same size expected [1] but found [0]
at com.nurseryadministrator.testscript.PaymentRequestList.filterByPaymentNameStudentGroupAndDate(PaymentRequestList.java:2192)
at java.base/java.util.ArrayList.forEach(ArrayList.java:1541)
... Removed 33 stack frames]]>
    </failure>
  </testcase> <!-- filterByPaymentNameStudentGroupAndDate -->
  <testcase classname="com.nurseryadministrator.testscript.PaymentRequestList" name="filterByStudentGroupStatusAndDate" time="0.092"/>
  <testcase classname="com.nurseryadministrator.testscript.PaymentRequestList" name="filterByPaymentNameStudentGroupStatusAndDate" time="4.964"/>
  <testcase classname="com.nurseryadministrator.testscript.PaymentRequestList" name="verifySortTitle" time="7.217"/>
  <testcase classname="com.nurseryadministrator.testscript.PaymentRequestList" name="verifySortStudentName" time="7.441"/>
  <testcase classname="com.nurseryadministrator.testscript.PaymentRequestList" name="verifySortDueDate" time="7.234"/>
  <testcase classname="com.nurseryadministrator.testscript.PaymentRequestList" name="verifySortStatus" time="119.935"/>
</testsuite> <!-- Payment Request List -->
