<?xml version="1.0" encoding="UTF-8"?>
<!-- Generated by org.testng.reporters.JUnitXMLReporter -->
<testsuite ignored="0" hostname="HASEEF" failures="0" tests="28" name="student filter" time="134.197" errors="0" timestamp="2021-09-14T17:01:27 IST">
  <testcase classname="com.nurseryadministrator.testscript.StudentListFilter" name="filterByFirstName" time="4.521"/>
  <testcase classname="com.nurseryadministrator.testscript.StudentListFilter" name="filterByLastName" time="2.591"/>
  <testcase classname="com.nurseryadministrator.testscript.StudentListFilter" name="filterByParent1Name" time="4.357"/>
  <testcase classname="com.nurseryadministrator.testscript.StudentListFilter" name="filterByStatus" time="7.13"/>
  <testcase classname="com.nurseryadministrator.testscript.StudentListFilter" name="filterByGroupName" time="3.219"/>
  <testcase classname="com.nurseryadministrator.testscript.StudentListFilter" name="filterByGroupType" time="3.253"/>
  <testcase classname="com.nurseryadministrator.testscript.StudentListFilter" name="filterByFirstNameAndLastName" time="3.817"/>
  <testcase classname="com.nurseryadministrator.testscript.StudentListFilter" name="filterByFirstNameLastNameAndGroup" time="3.642"/>
  <testcase classname="com.nurseryadministrator.testscript.StudentListFilter" name="filterByFirstNameLastNameAndStatus" time="4.041"/>
  <testcase classname="com.nurseryadministrator.testscript.StudentListFilter" name="filterByFirstNameAndParent" time="3.027"/>
  <testcase classname="com.nurseryadministrator.testscript.StudentListFilter" name="filterByFirstNameLastNameAndParent" time="4.203"/>
  <testcase classname="com.nurseryadministrator.testscript.StudentListFilter" name="filterByParentAndGroup" time="3.186"/>
  <testcase classname="com.nurseryadministrator.testscript.StudentListFilter" name="filterByParentAndStatus" time="3.546"/>
  <testcase classname="com.nurseryadministrator.testscript.StudentListFilter" name="filterByParentAndType" time="4.217"/>
  <testcase classname="com.nurseryadministrator.testscript.StudentListFilter" name="filterStudent" time="3.895"/>
  <testcase classname="com.nurseryadministrator.testscript.StudentListFilter" name="filterStudentByFirstNameLastNameParentAndGroup" time="3.678"/>
  <testcase classname="com.nurseryadministrator.testscript.StudentListFilter" name="filterStudentByFirstNameLastNameParentAndStatus" time="4.014"/>
  <testcase classname="com.nurseryadministrator.testscript.StudentListFilter" name="filterStudentByFirstNameLastNameParentAndType" time="3.496"/>
  <testcase classname="com.nurseryadministrator.testscript.StudentListFilter" name="filterStudentByFirstNameParentAndGroup" time="3.892"/>
  <testcase classname="com.nurseryadministrator.testscript.StudentListFilter" name="filterStudentByFirstNameParentAndStatus" time="3.484"/>
  <testcase classname="com.nurseryadministrator.testscript.StudentListFilter" name="filterStudentByFirstNameParentGroupAndType" time="4.174"/>
  <testcase classname="com.nurseryadministrator.testscript.StudentListFilter" name="filterStudentByFirstNameParentGroupStatusAndType" time="3.443"/>
  <testcase classname="com.nurseryadministrator.testscript.StudentListFilter" name="filterByFirstNameAndGroup" time="4.252"/>
  <testcase classname="com.nurseryadministrator.testscript.StudentListFilter" name="filterByFirstNameAndGroupType" time="3.15"/>
  <testcase classname="com.nurseryadministrator.testscript.StudentListFilter" name="filterByFirstNameAndStatus" time="3.04"/>
  <testcase classname="com.nurseryadministrator.testscript.StudentListFilter" name="filterByGroupAndStatus" time="2.982"/>
  <testcase classname="com.nurseryadministrator.testscript.StudentListFilter" name="filterByGroupAndType" time="4.004"/>
  <testcase classname="com.nurseryadministrator.testscript.StudentListFilter" name="filterByTypeAndGroup" time="3.711"/>
</testsuite> <!-- student filter -->
