<?xml version="1.0" encoding="UTF-8"?>
<!-- Generated by org.testng.reporters.JUnitXMLReporter -->
<testsuite ignored="0" hostname="HASEEF" failures="0" tests="9" name="Student List" time="91.232" errors="0" timestamp="2021-09-14T16:44:44 IST">
  <testcase classname="com.nurseryadministrator.testscript.StudentList" name="deactivateStudent" time="7.864"/>
  <testcase classname="com.nurseryadministrator.testscript.StudentList" name="activateStudent" time="8.323"/>
  <testcase classname="com.nurseryadministrator.testscript.StudentList" name="verifySortFirstName" time="9.084"/>
  <testcase classname="com.nurseryadministrator.testscript.StudentList" name="verifySortLasttName" time="8.25"/>
  <testcase classname="com.nurseryadministrator.testscript.StudentList" name="verifySortParent1Name" time="8.141"/>
  <testcase classname="com.nurseryadministrator.testscript.StudentList" name="verifySortParent2Name" time="8.161"/>
  <testcase classname="com.nurseryadministrator.testscript.StudentList" name="verifySortGroupName" time="8.059"/>
  <testcase classname="com.nurseryadministrator.testscript.StudentList" name="verifySortGroupType" time="7.906"/>
  <testcase classname="com.nurseryadministrator.testscript.StudentList" name="verifySortForStatus" time="7.718"/>
</testsuite> <!-- Student List -->
